nohup: ignoring input
/usr/lib/python3/dist-packages/pytz/__init__.py:31: SyntaxWarning: invalid escape sequence '\s'
  match = re.match("^#\s*version\s*([0-9a-z]*)\s*$", line)
/home/dheerizz/.local/lib/python3.12/site-packages/sklearn/base.py:463: InconsistentVersionWarning: Trying to unpickle estimator ExtraTreeRegressor from version 1.7.2 when using version 1.8.0. This might lead to breaking code or invalid results. Use at your own risk. For more info please refer to:
https://scikit-learn.org/stable/model_persistence.html#security-maintainability-limitations
  warnings.warn(
/home/dheerizz/.local/lib/python3.12/site-packages/sklearn/base.py:463: InconsistentVersionWarning: Trying to unpickle estimator IsolationForest from version 1.7.2 when using version 1.8.0. This might lead to breaking code or invalid results. Use at your own risk. For more info please refer to:
https://scikit-learn.org/stable/model_persistence.html#security-maintainability-limitations
  warnings.warn(
/home/dheerizz/.local/lib/python3.12/site-packages/sklearn/base.py:463: InconsistentVersionWarning: Trying to unpickle estimator StandardScaler from version 1.7.2 when using version 1.8.0. This might lead to breaking code or invalid results. Use at your own risk. For more info please refer to:
https://scikit-learn.org/stable/model_persistence.html#security-maintainability-limitations
  warnings.warn(
/home/dheerizz/.local/lib/python3.12/site-packages/sklearn/base.py:463: InconsistentVersionWarning: Trying to unpickle estimator DecisionTreeClassifier from version 1.7.2 when using version 1.8.0. This might lead to breaking code or invalid results. Use at your own risk. For more info please refer to:
https://scikit-learn.org/stable/model_persistence.html#security-maintainability-limitations
  warnings.warn(
/home/dheerizz/.local/lib/python3.12/site-packages/sklearn/base.py:463: InconsistentVersionWarning: Trying to unpickle estimator RandomForestClassifier from version 1.7.2 when using version 1.8.0. This might lead to breaking code or invalid results. Use at your own risk. For more info please refer to:
https://scikit-learn.org/stable/model_persistence.html#security-maintainability-limitations
  warnings.warn(
/home/dheerizz/.local/lib/python3.12/site-packages/sklearn/base.py:463: InconsistentVersionWarning: Trying to unpickle estimator LabelEncoder from version 1.7.2 when using version 1.8.0. This might lead to breaking code or invalid results. Use at your own risk. For more info please refer to:
https://scikit-learn.org/stable/model_persistence.html#security-maintainability-limitations
  warnings.warn(
⚠️ Warning: XGBoost not found. Install with: pip install xgboost
Some classification features will be limited.
Loaded Isolation Forest model and scaler successfully.
Scaler expects 25 features.
Loaded Random Forest models successfully.
XGBoost models skipped: XGBoost library not available.
Loaded preprocessing objects successfully.
🔗 Fetching blocked IPs from blockchain...
✅ Loaded 0 blocked IPs from blockchain.
Starting ML Anomaly Detection API on http://0.0.0.0:5000
 * Serving Flask app 'api_server'
 * Debug mode: on
WARNING: This is a development server. Do not use it in a production deployment. Use a production WSGI server instead.
 * Running on all addresses (0.0.0.0)
 * Running on http://127.0.0.1:5000
 * Running on http://172.19.242.97:5000
Press CTRL+C to quit
 * Restarting with stat
/usr/lib/python3/dist-packages/pytz/__init__.py:31: SyntaxWarning: invalid escape sequence '\s'
  match = re.match("^#\s*version\s*([0-9a-z]*)\s*$", line)
/home/dheerizz/.local/lib/python3.12/site-packages/sklearn/base.py:463: InconsistentVersionWarning: Trying to unpickle estimator ExtraTreeRegressor from version 1.7.2 when using version 1.8.0. This might lead to breaking code or invalid results. Use at your own risk. For more info please refer to:
https://scikit-learn.org/stable/model_persistence.html#security-maintainability-limitations
  warnings.warn(
/home/dheerizz/.local/lib/python3.12/site-packages/sklearn/base.py:463: InconsistentVersionWarning: Trying to unpickle estimator IsolationForest from version 1.7.2 when using version 1.8.0. This might lead to breaking code or invalid results. Use at your own risk. For more info please refer to:
https://scikit-learn.org/stable/model_persistence.html#security-maintainability-limitations
  warnings.warn(
/home/dheerizz/.local/lib/python3.12/site-packages/sklearn/base.py:463: InconsistentVersionWarning: Trying to unpickle estimator StandardScaler from version 1.7.2 when using version 1.8.0. This might lead to breaking code or invalid results. Use at your own risk. For more info please refer to:
https://scikit-learn.org/stable/model_persistence.html#security-maintainability-limitations
  warnings.warn(
/home/dheerizz/.local/lib/python3.12/site-packages/sklearn/base.py:463: InconsistentVersionWarning: Trying to unpickle estimator DecisionTreeClassifier from version 1.7.2 when using version 1.8.0. This might lead to breaking code or invalid results. Use at your own risk. For more info please refer to:
https://scikit-learn.org/stable/model_persistence.html#security-maintainability-limitations
  warnings.warn(
/home/dheerizz/.local/lib/python3.12/site-packages/sklearn/base.py:463: InconsistentVersionWarning: Trying to unpickle estimator RandomForestClassifier from version 1.7.2 when using version 1.8.0. This might lead to breaking code or invalid results. Use at your own risk. For more info please refer to:
https://scikit-learn.org/stable/model_persistence.html#security-maintainability-limitations
  warnings.warn(
/home/dheerizz/.local/lib/python3.12/site-packages/sklearn/base.py:463: InconsistentVersionWarning: Trying to unpickle estimator LabelEncoder from version 1.7.2 when using version 1.8.0. This might lead to breaking code or invalid results. Use at your own risk. For more info please refer to:
https://scikit-learn.org/stable/model_persistence.html#security-maintainability-limitations
  warnings.warn(
 * Debugger is active!
 * Debugger PIN: 454-024-415
/home/dheerizz/.local/lib/python3.12/site-packages/sklearn/utils/validation.py:2684: UserWarning: X has feature names, but StandardScaler was fitted without feature names
  warnings.warn(
[Parallel(n_jobs=16)]: Using backend ThreadingBackend with 16 concurrent workers.
[Parallel(n_jobs=16)]: Done  18 tasks      | elapsed:    0.0s
[Parallel(n_jobs=16)]: Done 100 out of 100 | elapsed:    0.0s finished
[Parallel(n_jobs=16)]: Using backend ThreadingBackend with 16 concurrent workers.
[Parallel(n_jobs=16)]: Done  18 tasks      | elapsed:    0.0s
[Parallel(n_jobs=16)]: Done 100 out of 100 | elapsed:    0.0s finished
127.0.0.1 - - [11/Feb/2026 13:30:18] "POST /analyze-flow HTTP/1.1" 403 -
